<?xml version="1.0" encoding="UTF-8"?>
<testsuite xmlns:xsi="http://www.w3.org/2001/XMLSchema-instance" xsi:noNamespaceSchemaLocation="https://maven.apache.org/surefire/maven-surefire-plugin/xsd/surefire-test-report.xsd" version="3.0.2" name="com.cars24.lms_backend.LmsBackendApplicationTests" time="5.636" tests="1" errors="0" skipped="0" failures="0">
  <properties>
[...]
</properties>
  <testcase name="contextLoads" classname="com.cars24.lms_backend.LmsBackendApplicationTests" time="1.074">
    <system-out><![CDATA[09:54:57.745 [main] INFO org.springframework.test.context.support.AnnotationConfigContextLoaderUtils -- Could not detect default configuration classes for test class [com.cars24.lms_backend.LmsBackendApplicationTests]: LmsBackendApplicationTests does not declare any static, non-private, non-final, nested classes annotated with @Configuration.
09:54:57.923 [main] INFO org.springframework.boot.test.context.SpringBootTestContextBootstrapper -- Found @SpringBootConfiguration com.cars24.lms_backend.LmsBackendApplication for test class com.cars24.lms_backend.LmsBackendApplicationTests
09:54:58.188 [main] INFO org.springframework.boot.devtools.restart.RestartApplicationListener -- Restart disabled due to context in which it is running

  .   ____          _            __ _ _
 /\\ / ___'_ __ _ _(_)_ __  __ _ \ \ \ \
( ( )\___ | '_ | '_| | '_ \/ _` | \ \ \ \
 \\/  ___)| |_)| | | | | || (_| |  ) ) ) )
  '  |____| .__|_| |_|_| |_\__, | / / / /
 =========|_|==============|___/=/_/_/_/

 :: Spring Boot ::                (v3.4.2)

2025-02-15T09:54:58.602+05:30  INFO 7588 --- [lms_backend] [           main] c.c.l.LmsBackendApplicationTests         : Starting LmsBackendApplicationTests using Java 23.0.1 with PID 7588 (started by adity in C:\Users\adity\Desktop\Loan Management System\LMS-BACKEND)
2025-02-15T09:54:58.603+05:30  INFO 7588 --- [lms_backend] [           main] c.c.l.LmsBackendApplicationTests         : No active profile set, falling back to 1 default profile: "default"
2025-02-15T09:54:59.586+05:30  INFO 7588 --- [lms_backend] [           main] .s.d.r.c.RepositoryConfigurationDelegate : Bootstrapping Spring Data MongoDB repositories in DEFAULT mode.
2025-02-15T09:54:59.688+05:30  INFO 7588 --- [lms_backend] [           main] .s.d.r.c.RepositoryConfigurationDelegate : Finished Spring Data repository scanning in 92 ms. Found 2 MongoDB repository interfaces.
2025-02-15T09:55:00.364+05:30  INFO 7588 --- [lms_backend] [uws.mongodb.net] org.mongodb.driver.cluster               : Adding discovered server loanmanagementcluster-shard-00-00.ubuws.mongodb.net:27017 to client view of cluster
2025-02-15T09:55:00.422+05:30  INFO 7588 --- [lms_backend] [           main] org.mongodb.driver.client                : MongoClient with metadata {"application": {"name": "LoanManagementCluster"}, "driver": {"name": "mongo-java-driver|sync|spring-boot", "version": "5.2.1"}, "os": {"type": "Windows", "name": "Windows 11", "architecture": "amd64", "version": "10.0"}, "platform": "Java/Oracle Corporation/23.0.1+11-39"} created with settings MongoClientSettings{readPreference=primary, writeConcern=WriteConcern{w=majority, wTimeout=null ms, journal=null}, retryWrites=true, retryReads=true, readConcern=ReadConcern{level=null}, credential=MongoCredential{mechanism=null, userName='adityasharma121415', source='admin', password=<hidden>, mechanismProperties=<hidden>}, transportSettings=null, commandListeners=[], codecRegistry=ProvidersCodecRegistry{codecProviders=[ValueCodecProvider{}, BsonValueCodecProvider{}, DBRefCodecProvider{}, DBObjectCodecProvider{}, DocumentCodecProvider{}, CollectionCodecProvider{}, IterableCodecProvider{}, MapCodecProvider{}, GeoJsonCodecProvider{}, GridFSFileCodecProvider{}, Jsr310CodecProvider{}, JsonObjectCodecProvider{}, BsonCodecProvider{}, EnumCodecProvider{}, com.mongodb.client.model.mql.ExpressionCodecProvider@6b357eb6, com.mongodb.Jep395RecordCodecProvider@64bebd55, com.mongodb.KotlinCodecProvider@7c1a8f0f]}, loggerSettings=LoggerSettings{maxDocumentLength=1000}, clusterSettings={hosts=[127.0.0.1:27017], srvHost=loanmanagementcluster.ubuws.mongodb.net, srvServiceName=mongodb, mode=MULTIPLE, requiredClusterType=REPLICA_SET, requiredReplicaSetName='atlas-13krxw-shard-0', serverSelector='null', clusterListeners='[]', serverSelectionTimeout='30000 ms', localThreshold='15 ms'}, socketSettings=SocketSettings{connectTimeoutMS=10000, readTimeoutMS=0, receiveBufferSize=0, proxySettings=ProxySettings{host=null, port=null, username=null, password=null}}, heartbeatSocketSettings=SocketSettings{connectTimeoutMS=10000, readTimeoutMS=10000, receiveBufferSize=0, proxySettings=ProxySettings{host=null, port=null, username=null, password=null}}, connectionPoolSettings=ConnectionPoolSettings{maxSize=100, minSize=0, maxWaitTimeMS=120000, maxConnectionLifeTimeMS=0, maxConnectionIdleTimeMS=0, maintenanceInitialDelayMS=0, maintenanceFrequencyMS=60000, connectionPoolListeners=[], maxConnecting=2}, serverSettings=ServerSettings{heartbeatFrequencyMS=10000, minHeartbeatFrequencyMS=500, serverMonitoringMode=AUTO, serverListeners='[]', serverMonitorListeners='[]'}, sslSettings=SslSettings{enabled=true, invalidHostNameAllowed=false, context=null}, applicationName='LoanManagementCluster', compressorList=[], uuidRepresentation=JAVA_LEGACY, serverApi=null, autoEncryptionSettings=null, dnsClient=null, inetAddressResolver=null, contextProvider=null, timeoutMS=null}
2025-02-15T09:55:00.437+05:30  INFO 7588 --- [lms_backend] [uws.mongodb.net] org.mongodb.driver.cluster               : Adding discovered server loanmanagementcluster-shard-00-01.ubuws.mongodb.net:27017 to client view of cluster
2025-02-15T09:55:00.443+05:30  INFO 7588 --- [lms_backend] [uws.mongodb.net] org.mongodb.driver.cluster               : Adding discovered server loanmanagementcluster-shard-00-02.ubuws.mongodb.net:27017 to client view of cluster
2025-02-15T09:55:01.026+05:30  INFO 7588 --- [lms_backend] [ngodb.net:27017] org.mongodb.driver.cluster               : Monitor thread successfully connected to server with description ServerDescription{address=loanmanagementcluster-shard-00-02.ubuws.mongodb.net:27017, type=REPLICA_SET_PRIMARY, cryptd=false, state=CONNECTED, ok=true, minWireVersion=0, maxWireVersion=25, maxDocumentSize=16777216, logicalSessionTimeoutMinutes=30, roundTripTimeNanos=348572600, minRoundTripTimeNanos=0, setName='atlas-13krxw-shard-0', canonicalAddress=loanmanagementcluster-shard-00-02.ubuws.mongodb.net:27017, hosts=[loanmanagementcluster-shard-00-01.ubuws.mongodb.net:27017, loanmanagementcluster-shard-00-02.ubuws.mongodb.net:27017, loanmanagementcluster-shard-00-00.ubuws.mongodb.net:27017], passives=[], arbiters=[], primary='loanmanagementcluster-shard-00-02.ubuws.mongodb.net:27017', tagSet=TagSet{[Tag{name='availabilityZone', value='aps1-az2'}, Tag{name='diskState', value='READY'}, Tag{name='nodeType', value='ELECTABLE'}, Tag{name='provider', value='AWS'}, Tag{name='region', value='AP_SOUTH_1'}, Tag{name='workloadType', value='OPERATIONAL'}]}, electionId=7fffffff00000000000000a9, setVersion=182, topologyVersion=TopologyVersion{processId=67af439bcd26d58d2ab2c5ba, counter=6}, lastWriteDate=Sat Feb 15 09:55:03 IST 2025, lastUpdateTimeNanos=87366659651300}
2025-02-15T09:55:01.026+05:30  INFO 7588 --- [lms_backend] [ngodb.net:27017] org.mongodb.driver.cluster               : Monitor thread successfully connected to server with description ServerDescription{address=loanmanagementcluster-shard-00-01.ubuws.mongodb.net:27017, type=REPLICA_SET_SECONDARY, cryptd=false, state=CONNECTED, ok=true, minWireVersion=0, maxWireVersion=25, maxDocumentSize=16777216, logicalSessionTimeoutMinutes=30, roundTripTimeNanos=348638200, minRoundTripTimeNanos=0, setName='atlas-13krxw-shard-0', canonicalAddress=loanmanagementcluster-shard-00-01.ubuws.mongodb.net:27017, hosts=[loanmanagementcluster-shard-00-01.ubuws.mongodb.net:27017, loanmanagementcluster-shard-00-02.ubuws.mongodb.net:27017, loanmanagementcluster-shard-00-00.ubuws.mongodb.net:27017], passives=[], arbiters=[], primary='loanmanagementcluster-shard-00-02.ubuws.mongodb.net:27017', tagSet=TagSet{[Tag{name='availabilityZone', value='aps1-az3'}, Tag{name='diskState', value='READY'}, Tag{name='nodeType', value='ELECTABLE'}, Tag{name='provider', value='AWS'}, Tag{name='region', value='AP_SOUTH_1'}, Tag{name='workloadType', value='OPERATIONAL'}]}, electionId=null, setVersion=182, topologyVersion=TopologyVersion{processId=67af45c408189b539f839afc, counter=3}, lastWriteDate=Sat Feb 15 09:55:03 IST 2025, lastUpdateTimeNanos=87366659651200}
2025-02-15T09:55:01.026+05:30  INFO 7588 --- [lms_backend] [ngodb.net:27017] org.mongodb.driver.cluster               : Monitor thread successfully connected to server with description ServerDescription{address=loanmanagementcluster-shard-00-00.ubuws.mongodb.net:27017, type=REPLICA_SET_SECONDARY, cryptd=false, state=CONNECTED, ok=true, minWireVersion=0, maxWireVersion=25, maxDocumentSize=16777216, logicalSessionTimeoutMinutes=30, roundTripTimeNanos=348632300, minRoundTripTimeNanos=0, setName='atlas-13krxw-shard-0', canonicalAddress=loanmanagementcluster-shard-00-00.ubuws.mongodb.net:27017, hosts=[loanmanagementcluster-shard-00-01.ubuws.mongodb.net:27017, loanmanagementcluster-shard-00-02.ubuws.mongodb.net:27017, loanmanagementcluster-shard-00-00.ubuws.mongodb.net:27017], passives=[], arbiters=[], primary='loanmanagementcluster-shard-00-02.ubuws.mongodb.net:27017', tagSet=TagSet{[Tag{name='availabilityZone', value='aps1-az1'}, Tag{name='diskState', value='READY'}, Tag{name='nodeType', value='ELECTABLE'}, Tag{name='provider', value='AWS'}, Tag{name='region', value='AP_SOUTH_1'}, Tag{name='workloadType', value='OPERATIONAL'}]}, electionId=null, setVersion=182, topologyVersion=TopologyVersion{processId=67af44a0143bde3454e09fa4, counter=4}, lastWriteDate=Sat Feb 15 09:55:03 IST 2025, lastUpdateTimeNanos=87366659651300}
2025-02-15T09:55:01.032+05:30  INFO 7588 --- [lms_backend] [ngodb.net:27017] org.mongodb.driver.cluster               : Discovered replica set primary loanmanagementcluster-shard-00-02.ubuws.mongodb.net:27017 with max election id 7fffffff00000000000000a9 and max set version 182
2025-02-15T09:55:01.740+05:30  WARN 7588 --- [lms_backend] [           main] .s.s.UserDetailsServiceAutoConfiguration : 

Using generated security password: 68dc7e1a-6c88-4bc0-8158-f8ec66a107da

This generated password is for development use only. Your security configuration must be updated before running your application in production.

2025-02-15T09:55:01.752+05:30  INFO 7588 --- [lms_backend] [           main] r$InitializeUserDetailsManagerConfigurer : Global AuthenticationManager configured with UserDetailsService bean with name inMemoryUserDetailsManager
2025-02-15T09:55:02.026+05:30  INFO 7588 --- [lms_backend] [           main] c.c.l.LmsBackendApplicationTests         : Started LmsBackendApplicationTests in 3.862 seconds (process running for 5.337)
]]></system-out>
    <system-err><![CDATA[Mockito is currently self-attaching to enable the inline-mock-maker. This will no longer work in future releases of the JDK. Please add Mockito as an agent to your build what is described in Mockito's documentation: https://javadoc.io/doc/org.mockito/mockito-core/latest/org/mockito/Mockito.html#0.3
WARNING: A Java agent has been loaded dynamically (C:\Users\adity\.m2\repository\net\bytebuddy\byte-buddy-agent\1.15.11\byte-buddy-agent-1.15.11.jar)
WARNING: If a serviceability tool is in use, please run with -XX:+EnableDynamicAgentLoading to hide this warning
WARNING: If a serviceability tool is not in use, please run with -Djdk.instrument.traceUsage for more information
WARNING: Dynamic loading of agents will be disallowed by default in a future release
]]></system-err>
  </testcase>
</testsuite>